{"name": "test_02", "status": "failed", "statusDetails": {"message": "AssertionError: assert False", "trace": "self = <tjxg3_ph.TJXG3PH object at 0x7f88286639a0>\n\n    @pytest.mark.asyncio\n    @pytest.mark.run(order=2)\n    @allure.title('test_02')\n    async def test_02(self):\n        await set_ph_sp_source('Fixed')\n        for it in get_ph_sps():\n            pv1 = await get_ph_pv()\n            await set_ph_sp(it)\n            elapsed_time, timeout = await self.pv_close_to_sp(it)\n            pv2 = await get_ph_pv()\n            if elapsed_time is not None:\n                allure.attach(body=f'{pv1}->{it} speed {elapsed_time} s, curr pv is {pv2}', name='Comment', attachment_type=allure.attachment_type.TEXT)\n            else:\n                allure.attach(body=f'{pv1}->{it} speed {timeout} s, curr pv is {pv2}', name='Error', attachment_type=allure.attachment_type.TEXT)\n                await set_ph_sp_source('Disable')\n>               assert False\nE               assert False\n\ntests/G3/tjxg3_ph.py:55: AssertionError"}, "attachments": [{"name": "Error", "source": "a2af31df-2153-44db-9576-e20079265cb6-attachment.txt", "type": "text/plain"}], "start": 1752828209278, "stop": 1752828222306, "uuid": "9393536d-8781-4f26-9114-7bd19f1b0acc", "historyId": "6b2afe57db4e013577c36071c352c424", "testCaseId": "6b2afe57db4e013577c36071c352c424", "fullName": "tests.G3.tjxg3_ph.TJXG3PH#test_02", "labels": [{"name": "feature", "value": "pH"}, {"name": "tag", "value": "asyncio"}, {"name": "tag", "value": "pH"}, {"name": "parentSuite", "value": "tests.G3"}, {"name": "suite", "value": "tjxg3_ph"}, {"name": "subSuite", "value": "TJXG3PH"}, {"name": "host", "value": "ubuntu"}, {"name": "thread", "value": "152350-MainThread"}, {"name": "framework", "value": "pytest"}, {"name": "language", "value": "cpython3"}, {"name": "package", "value": "tests.G3.tjxg3_ph"}]}