{"name": "test_01", "status": "failed", "statusDetails": {"message": "AssertionError: assert False", "trace": "self = <tjxg3_temp.TJXG3Temp object at 0x7f6fac326ee0>\n\n    @pytest.mark.asyncio\n    @pytest.mark.run(order=1)\n    @allure.title('test_01')\n    async def test_01(self):\n        await set_temp_sp(10)\n        await set_temp_sp_source('Fixed')\n        await asyncio.sleep(2)\n        pv1 = await get_temp_pv()\n        if pv1 > 0:\n            await set_temp_sp_source('Disable')\n            await asyncio.sleep(2)\n            pv2 = await get_temp_pv()\n            if math.fabs(pv2) > 1e-10:\n                allure.attach(body=f'curr pv is {pv2}, expect is zero', name='Error', attachment_type=allure.attachment_type.TEXT)\n                assert False\n        else:\n            allure.attach(body=f'curr pv is {pv1}, expect is greater than zero', name='Error', attachment_type=allure.attachment_type.TEXT)\n>           assert False\nE           assert False\n\ntests/G3/tjxg3_temp.py:38: AssertionError"}, "attachments": [{"name": "Error", "source": "c091ceba-f77d-4b28-b85a-9309e9278e8e-attachment.txt", "type": "text/plain"}], "start": 1752828191211, "stop": 1752828199220, "uuid": "035ce7c9-4d72-4e8d-9c22-dd0e2f985d6c", "historyId": "cbcdecc7002c946bf0b02e0061eaa0db", "testCaseId": "cbcdecc7002c946bf0b02e0061eaa0db", "fullName": "tests.G3.tjxg3_temp.TJXG3Temp#test_01", "labels": [{"name": "feature", "value": "Temp"}, {"name": "tag", "value": "asyncio"}, {"name": "tag", "value": "Temp"}, {"name": "parentSuite", "value": "tests.G3"}, {"name": "suite", "value": "tjxg3_temp"}, {"name": "subSuite", "value": "TJXG3Temp"}, {"name": "host", "value": "ubuntu"}, {"name": "thread", "value": "152347-MainThread"}, {"name": "framework", "value": "pytest"}, {"name": "language", "value": "cpython3"}, {"name": "package", "value": "tests.G3.tjxg3_temp"}]}