{"name": "test_02", "status": "failed", "statusDetails": {"message": "AssertionError: assert False", "trace": "self = <tjxg3_temp.TJXG3Temp object at 0x7f8828655cd0>\n\n    @pytest.mark.asyncio\n    @pytest.mark.run(order=2)\n    @allure.title('test_02')\n    async def test_02(self):\n        await start_agit_to_temp()\n        await set_temp_sp_source('Fixed')\n        for it in get_temp_sps():\n            pv1 = await get_temp_pv()\n            await set_temp_sp(it)\n            elapsed_time, timeout = await self.pv_close_to_sp(it)\n            pv2 = await get_temp_pv()\n            if elapsed_time is not None:\n                allure.attach(body=f'{pv1}->{it} speed {elapsed_time} s, curr pv is {pv2}', name='Comment', attachment_type=allure.attachment_type.TEXT)\n            else:\n                allure.attach(body=f'{pv1}->{it} speed {timeout} s, curr pv is {pv2}', name='Error', attachment_type=allure.attachment_type.TEXT)\n                await set_temp_sp_source('Disable')\n>               assert False\nE               assert False\n\ntests/G3/tjxg3_temp.py:56: AssertionError"}, "attachments": [{"name": "Error", "source": "34c8961b-e3b3-4cd8-967e-8814e15fa671-attachment.txt", "type": "text/plain"}], "start": 1752828222322, "stop": 1752828237337, "uuid": "68f4fcc6-7282-4f8b-8486-8fe4a8003265", "historyId": "c94e4257944b85fe7b7d5f8305ef058a", "testCaseId": "c94e4257944b85fe7b7d5f8305ef058a", "fullName": "tests.G3.tjxg3_temp.TJXG3Temp#test_02", "labels": [{"name": "feature", "value": "Temp"}, {"name": "tag", "value": "asyncio"}, {"name": "tag", "value": "Temp"}, {"name": "parentSuite", "value": "tests.G3"}, {"name": "suite", "value": "tjxg3_temp"}, {"name": "subSuite", "value": "TJXG3Temp"}, {"name": "host", "value": "ubuntu"}, {"name": "thread", "value": "152350-MainThread"}, {"name": "framework", "value": "pytest"}, {"name": "language", "value": "cpython3"}, {"name": "package", "value": "tests.G3.tjxg3_temp"}]}