{"uid":"4a99e5d194930063","name":"test_03","fullName":"tests.G3.tjxg3_ph.TJXG3PH#test_03","historyId":"d393aa645bc5647facc8d2be46ba792a","time":{"start":1752828240352,"stop":1752828255372,"duration":15020},"status":"failed","statusMessage":"AssertionError: assert False","statusTrace":"self = <tjxg3_ph.TJXG3PH object at 0x7f6fac320eb0>\n\n    @pytest.mark.asyncio\n    @pytest.mark.run(order=3)\n    @allure.title('test_03')\n    async def test_03(self):\n        profile = await set_ph_profile()\n        if profile is not None:\n            assert await restart_runtime()\n            await set_ph_sp_source('Profile')\n            for it in profile:\n                pv1 = await get_ph_pv()\n                elapsed_time, timeout = await self.pv_close_to_sp(it[1], it[0])\n                pv2 = await get_ph_pv()\n                if elapsed_time is not None:\n                    allure.attach(body=f'{pv1}->{it[1]} speed {elapsed_time} s, curr pv is {pv2}', name='Comment', attachment_type=allure.attachment_type.TEXT)\n                else:\n                    allure.attach(body=f'{pv1}->{it[1]} speed {timeout} s, curr pv is {pv2}', name='Error', attachment_type=allure.attachment_type.TEXT)\n                    await set_ph_sp_source('Disable')\n>                   assert False\nE                   assert False\n\ntests/G3/tjxg3_ph.py:75: AssertionError","flaky":false,"newFailed":false,"newBroken":false,"newPassed":false,"retriesCount":0,"retriesStatusChange":false,"beforeStages":[{"name":"event_loop_policy","time":{"start":1752828167096,"stop":1752828167096,"duration":0},"status":"passed","steps":[],"attachments":[],"parameters":[],"stepsCount":0,"shouldDisplayMessage":false,"attachmentsCount":0,"hasContent":false,"attachmentStep":false},{"name":"event_loop","time":{"start":1752828240351,"stop":1752828240351,"duration":0},"status":"passed","steps":[],"attachments":[],"parameters":[],"stepsCount":0,"shouldDisplayMessage":false,"attachmentsCount":0,"hasContent":false,"attachmentStep":false}],"testStage":{"status":"failed","statusMessage":"AssertionError: assert False","statusTrace":"self = <tjxg3_ph.TJXG3PH object at 0x7f6fac320eb0>\n\n    @pytest.mark.asyncio\n    @pytest.mark.run(order=3)\n    @allure.title('test_03')\n    async def test_03(self):\n        profile = await set_ph_profile()\n        if profile is not None:\n            assert await restart_runtime()\n            await set_ph_sp_source('Profile')\n            for it in profile:\n                pv1 = await get_ph_pv()\n                elapsed_time, timeout = await self.pv_close_to_sp(it[1], it[0])\n                pv2 = await get_ph_pv()\n                if elapsed_time is not None:\n                    allure.attach(body=f'{pv1}->{it[1]} speed {elapsed_time} s, curr pv is {pv2}', name='Comment', attachment_type=allure.attachment_type.TEXT)\n                else:\n                    allure.attach(body=f'{pv1}->{it[1]} speed {timeout} s, curr pv is {pv2}', name='Error', attachment_type=allure.attachment_type.TEXT)\n                    await set_ph_sp_source('Disable')\n>                   assert False\nE                   assert False\n\ntests/G3/tjxg3_ph.py:75: AssertionError","steps":[],"attachments":[{"uid":"e30fa3c04d8b25e4","name":"Error","source":"e30fa3c04d8b25e4.txt","type":"text/plain","size":33}],"parameters":[],"stepsCount":0,"shouldDisplayMessage":true,"attachmentsCount":1,"hasContent":true,"attachmentStep":false},"afterStages":[{"name":"event_loop::3","time":{"start":1752828255384,"stop":1752828255384,"duration":0},"status":"passed","steps":[],"attachments":[],"parameters":[],"stepsCount":0,"shouldDisplayMessage":false,"attachmentsCount":0,"hasContent":false,"attachmentStep":false},{"name":"event_loop::_close_event_loop","time":{"start":1752828255384,"stop":1752828255384,"duration":0},"status":"passed","steps":[],"attachments":[],"parameters":[],"stepsCount":0,"shouldDisplayMessage":false,"attachmentsCount":0,"hasContent":false,"attachmentStep":false},{"name":"event_loop::_restore_policy","time":{"start":1752828255384,"stop":1752828255384,"duration":0},"status":"passed","steps":[],"attachments":[],"parameters":[],"stepsCount":0,"shouldDisplayMessage":false,"attachmentsCount":0,"hasContent":false,"attachmentStep":false},{"name":"event_loop::_provide_clean_event_loop","time":{"start":1752828255384,"stop":1752828255384,"duration":0},"status":"passed","steps":[],"attachments":[],"parameters":[],"stepsCount":0,"shouldDisplayMessage":false,"attachmentsCount":0,"hasContent":false,"attachmentStep":false}],"labels":[{"name":"feature","value":"pH"},{"name":"tag","value":"asyncio"},{"name":"tag","value":"pH"},{"name":"parentSuite","value":"tests.G3"},{"name":"suite","value":"tjxg3_ph"},{"name":"subSuite","value":"TJXG3PH"},{"name":"host","value":"ubuntu"},{"name":"thread","value":"152347-MainThread"},{"name":"framework","value":"pytest"},{"name":"language","value":"cpython3"},{"name":"package","value":"tests.G3.tjxg3_ph"},{"name":"resultFormat","value":"allure2"}],"parameters":[],"links":[],"hidden":false,"retry":false,"extra":{"severity":"normal","retries":[],"categories":[{"name":"Product defects","matchedStatuses":[]}],"tags":["asyncio","pH"]},"source":"4a99e5d194930063.json","parameterValues":[]}